bright.a 1 :: undimmed
bright.a 2 :: sunny
bright.a 3 :: sunny
bright.a 4 :: undimmed
bright.a 5 :: sunny
bright.a 6 :: sunny
bright.a 7 :: undimmed
bright.a 8 :: undimmed
bright.a 9 :: undimmed
bright.a 10 :: undimmed
film.n 11 :: film
film.n 12 :: plastic_film
film.n 13 :: movie
film.n 14 :: photographic_film
film.n 15 :: movie
film.n 16 :: movie
film.n 17 :: movie
film.n 18 :: movie
film.n 19 :: movie
film.n 20 :: movie
take.v 21 :: aim
take.v 22 :: claim
take.v 23 :: occupy
take.v 24 :: occupy
take.v 25 :: consume
take.v 26 :: accept
take.v 27 :: claim
take.v 28 :: remove
take.v 29 :: read
take.v 30 :: fill
tight.r 31 :: close
tight.r 32 :: fast
tight.r 33 :: close
tight.r 34 :: fast
tight.r 35 :: fast
tight.r 36 :: fast
tight.r 37 :: fast
tight.r 38 :: fast
tight.r 39 :: fast
tight.r 40 :: fast
bar.n 41 :: restaurant
bar.n 42 :: restaurant
bar.n 43 :: prevention
bar.n 44 :: restaurant
bar.n 45 :: restaurant
bar.n 46 :: restaurant
bar.n 47 :: restaurant
bar.n 48 :: restaurant
bar.n 49 :: restaurant
bar.n.v 50 :: debar
cross.n 51 :: crisscross
cross.n 52 :: crisscross
cross.n 53 :: crisscross
cross.n 54 :: crisscross
cross.n 55 :: crown_of_thorns
cross.n 56 :: crisscross
cross.n 57 :: crisscross
cross.n 58 :: crisscross
cross.n 59 :: hybrid
cross.n.a 60 :: cross-border
finally.r 61 :: ultimately
finally.r 62 :: eventually
finally.r 63 :: eventually
finally.r 64 :: eventually
finally.r 65 :: last
finally.r 66 :: eventually
finally.r 67 :: ultimately
finally.r 68 :: eventually
finally.r 69 :: eventually
finally.r 70 :: eventually
find.v 71 :: find
find.v 72 :: discover
find.v 73 :: discover
find.v 74 :: witness
find.v 75 :: find
find.v 76 :: discover
find.v 77 :: happen
find.v 78 :: find_oneself
find.v 79 :: find
find.v 80 :: discover
fix.v 81 :: sterilize
fix.v 82 :: pay_back
fix.v 83 :: pay_back
fix.v 84 :: prepare
fix.v 85 :: repair
fix.v 86 :: pay_back
fix.v 87 :: pay_back
fix.v 88 :: pay_back
fix.v 89 :: pay_back
fix.v 90 :: prepare
manage.v 91 :: oversee
manage.v 92 :: pull_off
manage.v 93 :: manage
manage.v 94 :: oversee
manage.v 95 :: cope
manage.v 96 :: wangle
manage.v 97 :: pull_off
manage.v 98 :: manage
manage.v 99 :: pull_off
manage.v 100 :: pull_off
neat.a 101 :: tidy
neat.a 102 :: tidy
neat.a 103 :: tidy
neat.a 104 :: tidy
neat.a 105 :: tidy
neat.a 106 :: tidy
neat.a 107 :: tidy
neat.a 108 :: tidy
neat.a 109 :: tidy
neat.a 110 :: tidy
rich.a 111 :: wealthy
rich.a 112 :: wealthy
rich.a 113 :: wealthy
rich.a 114 :: wealthy
rich.a 115 :: wealthy
rich.a 116 :: wealthy
rich.a 117 :: wealthy
rich.a 118 :: wealthy
rich.a 119 :: rich
rich.a 120 :: wealthy
severely.r 121 :: badly
severely.r 122 :: badly
severely.r 123 :: badly
severely.r 124 :: badly
severely.r 125 :: badly
severely.r 126 :: hard
severely.r 127 :: hard
severely.r 128 :: badly
severely.r 129 :: badly
severely.r 130 :: badly
stand.n.v 131 :: sit
stand.n.v 132 :: stand_up
stand.n.v 133 :: digest
stand.n.v 134 :: resist
stand.n.v 135 :: resist
stand.n.v 136 :: stand
stand.n 137 :: stand
stand.n 138 :: stance
stand.n 139 :: stance
stand.n 140 :: stance
well.r 141 :: very well
well.r 142 :: considerably
well.r 143 :: considerably
well.r 144 :: very well
well.r 145 :: considerably
well.r 146 :: considerably
well.r 147 :: very well
well.r 148 :: considerably
well.r 149 :: very well
well.r 150 :: very well
wild.a 151 :: untamed
wild.a 152 :: untamed
wild.a 153 :: untamed
wild.a 154 :: untamed
wild.a 155 :: untamed
wild.a 156 :: untamed
wild.a 157 :: untamed
wild.a 158 :: untamed
wild.a 159 :: 
wild.a.n 160 :: wilderness
can.n 161 :: canful
can.n 162 :: canful
can.n 163 :: canful
can.n 164 :: can
can.n 165 :: toilet
can.n 166 :: canful
can.n 167 :: canful
can.n 168 :: canful
can.n 169 :: canful
can.n 170 :: toilet
dark.n 171 :: darkness
dark.n 172 :: darkness
dark.n 173 :: iniquity
dark.n 174 :: darkness
dark.n 175 :: darkness
dark.n 176 :: darkness
dark.n 177 :: darkness
dark.n 178 :: darkness
dark.n 179 :: darkness
dark.n 180 :: darkness
examination.n 181 :: examen
examination.n 182 :: interrogation
examination.n 183 :: exam
examination.n 184 :: scrutiny
examination.n 185 :: scrutiny
examination.n 186 :: scrutiny
examination.n 187 :: scrutiny
examination.n 188 :: interrogation
examination.n 189 :: scrutiny
examination.n 190 :: scrutiny
fear.v 191 :: fear
fear.v 192 :: fear
fear.v 193 :: fear
fear.v 194 :: fear
fear.v 195 :: fear
fear.v 196 :: fear
fear.v 197 :: worry about
fear.v 198 :: fear
fear.v 199 :: worry about
fear.v 200 :: worry about
forget.v 201 :: block
forget.v 202 :: remember
forget.v 203 :: leave
forget.v 204 :: leave
forget.v 205 :: leave
forget.v 206 :: remember
forget.v 207 :: remember
forget.v 208 :: leave
forget.v 209 :: leave
forget.v 210 :: bury
gall.n 211 :: gallbladder
gall.n 212 :: bile
gall.n 213 :: crust
gall.n 214 :: gallbladder
gall.n 215 :: saddle_sore
gall.n 216 :: crust
gall.n 217 :: saddle_sore
gall.n 218 :: resentment
gall.n 219 :: gallbladder
gall.n 220 :: gallbladder
grim.a 221 :: bleak
grim.a 222 :: bleak
grim.a 223 :: bleak
grim.a 224 :: bleak
grim.a 225 :: bleak
grim.a 226 :: bleak
grim.a 227 :: bleak
grim.a 228 :: bleak
grim.a 229 :: bleak
grim.a 230 :: bleak
lie.v 231 :: commit perjury
lie.v 232 :: commit perjury
lie.v 233 :: commit perjury
lie.v 234 :: lie
lie.v 235 :: commit perjury
lie.v 236 :: commit perjury
lie.v 237 :: lie
lie.v 238 :: commit perjury
lie.v 239 :: commit perjury
lie.v 240 :: lie
nasty.a 241 :: awful
nasty.a 242 :: awful
nasty.a 243 :: awful
nasty.a 244 :: awful
nasty.a 245 :: awful
nasty.a 246 :: awful
nasty.a 247 :: awful
nasty.a 248 :: awful
nasty.a 249 :: awful
nasty.a 250 :: awful
nearly.r 251 :: about
nearly.r 252 :: about
nearly.r 253 :: about
nearly.r 254 :: about
nearly.r 255 :: about
nearly.r 256 :: about
nearly.r 257 :: about
nearly.r 258 :: about
nearly.r 259 :: about
nearly.r 260 :: about
outdoor.a 261 :: indoor
outdoor.a 262 :: indoor
outdoor.a 263 :: indoor
outdoor.a 264 :: out-of-door
outdoor.a 265 :: out-of-door
outdoor.a 266 :: indoor
outdoor.a 267 :: indoor
outdoor.a 268 :: indoor
outdoor.a 269 :: indoor
outdoor.a 270 :: indoor
reasonable.a 271 :: sensible
reasonable.a 272 :: sensible
reasonable.a 273 :: sensible
reasonable.a 274 :: sensible
reasonable.a 275 :: sensible
reasonable.a 276 :: sensible
reasonable.a 277 :: sensible
reasonable.a 278 :: sensible
reasonable.a 279 :: sensible
reasonable.a 280 :: sensible
rough.a 281 :: unsmooth
rough.a 282 :: uncut
rough.a 283 :: unsmooth
rough.a 284 :: uncut
rough.a 285 :: uncut
rough.a 286 :: bumpy
rough.a 287 :: rocky
rough.a 288 :: uncut
rough.a 289 :: uncut
rough.a 290 :: uncut
run.v 291 :: hunt
run.v 292 :: run
run.v 293 :: play
run.v 294 :: hunt
run.v 295 :: operate
run.v 296 :: hunt
run.v 297 :: carry
run.v 298 :: function
run.v 299 :: operate
run.v 300 :: hunt
